<?xml version="1.0" encoding="UTF-8"?>
<!-- Generated by org.testng.reporters.JUnitReportReporter -->
<testsuite skipped="0" hostname="DESKTOP-Q8V4QAS" name="example.Testclass" tests="1" failures="0" timestamp="2019-12-11T15:23:28 IST" time="0.009" errors="0">
  <testcase name="Create1" time="0.009" classname="example.Testclass"/>
</testsuite> <!-- example.Testclass -->
