<?xml version="1.0" encoding="UTF-8"?>
<!-- Generated by org.testng.reporters.JUnitReportReporter -->
<testsuite skipped="0" hostname="DESKTOP-Q8V4QAS" name="main.CreateCompany" tests="1" failures="0" timestamp="2019-12-07T15:44:36 IST" time="14.590" errors="0">
  <testcase name="Create_company_with_new_status" time="14.590" classname="main.CreateCompany"/>
</testsuite> <!-- main.CreateCompany -->
